2026-01-25 16:05:46,461 | INFO | Scraper Started
2026-01-25 16:06:00,568 | INFO | 10 Pages Have Been scraped Succsesfuly
2026-01-25 16:06:14,213 | INFO | 20 Pages Have Been scraped Succsesfuly
2026-01-25 16:06:29,248 | INFO | 30 Pages Have Been scraped Succsesfuly
2026-01-25 16:06:43,210 | INFO | 40 Pages Have Been scraped Succsesfuly
2026-01-25 16:06:56,797 | WARNING | Failed to fetch https://books.toscrape.com/catalogue/page-43.html: HTTPSConnectionPool(host='books.toscrape.com', port=443): Read timed out. (read timeout=10)
2026-01-25 16:06:56,798 | WARNING | Failed To find https://books.toscrape.com/catalogue/page-43.html soup
2026-01-25 16:07:09,577 | WARNING | Failed to fetch https://books.toscrape.com/catalogue/page-44.html: HTTPSConnectionPool(host='books.toscrape.com', port=443): Read timed out. (read timeout=10)
2026-01-25 16:07:09,579 | WARNING | Failed To find https://books.toscrape.com/catalogue/page-44.html soup
2026-01-25 16:07:21,402 | INFO | 50 Pages Have Been scraped Succsesfuly
2026-01-25 16:07:21,408 | INFO | All Pages Has Been Scraped Succsesfuly
2026-01-25 16:10:21,292 | INFO | 100 products have been scraped successfully
2026-01-25 16:12:02,439 | WARNING | Missing description for https://books.toscrape.com/catalogue/the-bridge-to-consciousness-im-writing-the-bridge-between-science-and-our-old-and-new-beliefs_840/index.html
2026-01-25 16:13:17,865 | INFO | 200 products have been scraped successfully
2026-01-25 16:16:02,617 | INFO | 300 products have been scraped successfully
2026-01-25 16:18:51,354 | INFO | 400 products have been scraped successfully
2026-01-25 16:21:41,416 | INFO | 500 products have been scraped successfully
2026-01-25 16:24:51,720 | INFO | 600 products have been scraped successfully
2026-01-25 16:27:18,404 | WARNING | Failed to fetch https://books.toscrape.com/catalogue/dark-lover-black-dagger-brotherhood-1_319/index.html: HTTPSConnectionPool(host='books.toscrape.com', port=443): Max retries exceeded with url: /catalogue/dark-lover-black-dagger-brotherhood-1_319/index.html (Caused by ConnectTimeoutError(<urllib3.connection.HTTPSConnection object at 0x00000241934BB050>, 'Connection to books.toscrape.com timed out. (connect timeout=10)'))
2026-01-25 16:27:18,406 | ERROR | Failed to extract data for product: https://books.toscrape.com/catalogue/dark-lover-black-dagger-brotherhood-1_319/index.html
2026-01-25 16:28:00,881 | INFO | 700 products have been scraped successfully
2026-01-25 16:29:18,373 | WARNING | Failed to fetch https://books.toscrape.com/catalogue/the-lean-startup-how-todays-entrepreneurs-use-continuous-innovation-to-create-radically-successful-businesses_260/index.html: HTTPSConnectionPool(host='books.toscrape.com', port=443): Max retries exceeded with url: /catalogue/the-lean-startup-how-todays-entrepreneurs-use-continuous-innovation-to-create-radically-successful-businesses_260/index.html (Caused by ConnectTimeoutError(<urllib3.connection.HTTPSConnection object at 0x00000241939E7B50>, 'Connection to books.toscrape.com timed out. (connect timeout=10)'))
2026-01-25 16:29:18,376 | ERROR | Failed to extract data for product: https://books.toscrape.com/catalogue/the-lean-startup-how-todays-entrepreneurs-use-continuous-innovation-to-create-radically-successful-businesses_260/index.html
2026-01-25 16:32:03,158 | INFO | 800 products have been scraped successfully
2026-01-25 16:33:42,802 | WARNING | Failed to fetch https://books.toscrape.com/catalogue/into-the-wild_177/index.html: ('Connection aborted.', ConnectionResetError(10054, 'An existing connection was forcibly closed by the remote host', None, 10054, None))
2026-01-25 16:33:42,837 | ERROR | Failed to extract data for product: https://books.toscrape.com/catalogue/into-the-wild_177/index.html
2026-01-25 16:36:46,828 | INFO | 900 products have been scraped successfully
2026-01-25 16:39:15,293 | WARNING | Missing description for https://books.toscrape.com/catalogue/alice-in-wonderland-alices-adventures-in-wonderland-1_5/index.html
2026-01-25 16:39:28,020 | INFO | Generating final diagnostic report...
2026-01-25 16:39:28,021 | WARNING | Gap in description: https://books.toscrape.com/catalogue/the-bridge-to-consciousness-im-writing-the-bridge-between-science-and-our-old-and-new-beliefs_840/index.html
2026-01-25 16:39:28,022 | WARNING | Gap in description: https://books.toscrape.com/catalogue/alice-in-wonderland-alices-adventures-in-wonderland-1_5/index.html
2026-01-25 16:39:28,115 | INFO | Successfully exported 957 products to books_data.csv
2026-01-25 16:39:29,033 | INFO | Successfully exported 957 products to books_data.xlsx
